[07:00:33] [info] === Ralphy v3.1.0 Started ===
[07:00:33] [info] Engine: OpenCode | Model: z-ai/glm-4.7
[07:00:33] [info] PRD: prd.md
[07:00:33] [info] >>> Task: Create src/data/activities-th.ts with Thai transla
[07:00:33] [info] Tasks remaining: 60
[07:00:33] [debug] [PROMPT] @prd.md @progress.txt
1. Find the highest-priority incomplete task and implement it.
2. Write tests for the feature.
3. Run tests and ensure they pass before proceeding.
4. Run linting and ensure it passes before proceeding.
5. Update the PRD to mark the task as complete (change '- [ ]' to '- [x]').
6. Append your progress to progress.txt.
7. Commit your changes with a descriptive message.
ONLY WORK ON A SINGLE TASK. Do not proceed if tests fail. Do not proceed if linting fails.
If ALL tasks in the PRD are complete, output <promise>COMPLETE</promise>.
[07:00:35] [debug] [RESPONSE] Task completed...
[07:00:35] [info] [TOKENS] Input: 0 | Output: 0 | Est. Cost: 0
[07:00:35] [info] [COST] Total: 0 | Tasks: 13/60
[07:00:36] [info] >>> Task: Create src/utils/encodePayload.ts function that co
[07:00:36] [info] Tasks remaining: 59
[07:00:36] [debug] [PROMPT] @prd.md @progress.txt
1. Find the highest-priority incomplete task and implement it.
2. Write tests for the feature.
3. Run tests and ensure they pass before proceeding.
4. Run linting and ensure it passes before proceeding.
5. Update the PRD to mark the task as complete (change '- [ ]' to '- [x]').
6. Append your progress to progress.txt.
7. Commit your changes with a descriptive message.
ONLY WORK ON A SINGLE TASK. Do not proceed if tests fail. Do not proceed if linting fails.
If ALL tasks in the PRD are complete, output <promise>COMPLETE</promise>.
[07:00:38] [debug] [RESPONSE] Task completed...
[07:00:38] [info] [TOKENS] Input: 0 | Output: 0 | Est. Cost: 0
[07:00:38] [info] [COST] Total: 0 | Tasks: 14/59
[07:00:39] [info] >>> Task: Create src/utils/decodePayload.ts function that de
[07:00:39] [info] Tasks remaining: 58
[07:00:39] [debug] [PROMPT] @prd.md @progress.txt
1. Find the highest-priority incomplete task and implement it.
2. Write tests for the feature.
3. Run tests and ensure they pass before proceeding.
4. Run linting and ensure it passes before proceeding.
5. Update the PRD to mark the task as complete (change '- [ ]' to '- [x]').
6. Append your progress to progress.txt.
7. Commit your changes with a descriptive message.
ONLY WORK ON A SINGLE TASK. Do not proceed if tests fail. Do not proceed if linting fails.
If ALL tasks in the PRD are complete, output <promise>COMPLETE</promise>.
[07:00:40] [debug] [RESPONSE] Task completed...
[07:00:40] [info] [TOKENS] Input: 0 | Output: 0 | Est. Cost: 0
[07:00:40] [info] [COST] Total: 0 | Tasks: 15/58
[07:00:41] [info] >>> Task: Create src/i18n/strings-en.ts with all UI strings 
[07:00:41] [info] Tasks remaining: 57
[07:00:41] [debug] [PROMPT] @prd.md @progress.txt
1. Find the highest-priority incomplete task and implement it.
2. Write tests for the feature.
3. Run tests and ensure they pass before proceeding.
4. Run linting and ensure it passes before proceeding.
5. Update the PRD to mark the task as complete (change '- [ ]' to '- [x]').
6. Append your progress to progress.txt.
7. Commit your changes with a descriptive message.
ONLY WORK ON A SINGLE TASK. Do not proceed if tests fail. Do not proceed if linting fails.
If ALL tasks in the PRD are complete, output <promise>COMPLETE</promise>.
