[14:31:49] [info] === Ralphy v3.1.0 Started ===
[14:31:49] [info] Engine: OpenCode | Model: zai-coding-plan/glm-4.7
[14:31:49] [info] PRD: PRD.md
[14:31:49] [info] >>> Task: Configure Vercel deployment by creating vercel.jso
[14:31:49] [info] Tasks remaining: 69
[14:31:49] [debug] [PROMPT] @PRD.md @progress.txt
1. Find the highest-priority incomplete task and implement it.
2. Write tests for the feature.
3. Run tests and ensure they pass before proceeding.
4. Run linting and ensure it passes before proceeding.
5. Update the PRD to mark the task as complete (change '- [ ]' to '- [x]').
6. Append your progress to progress.txt.
7. Commit your changes with a descriptive message.
ONLY WORK ON A SINGLE TASK. Do not proceed if tests fail. Do not proceed if linting fails.
If ALL tasks in the PRD are complete, output <promise>COMPLETE</promise>.
[14:34:05] [debug] [RESPONSE] The highest-priority incomplete task is: **Configure Vercel deployment by creati...
[14:34:05] [info] [TOKENS] Input: 1119 | Output: 207 | Est. Cost: 0
[14:34:05] [info] [COST] Total: .006462 | Tasks: 27/69
[14:34:06] [info] >>> Task: Create src/screens/Onboarding.tsx as multi-step wi
[14:34:06] [info] Tasks remaining: 67
[14:34:06] [debug] [PROMPT] @PRD.md @progress.txt
1. Find the highest-priority incomplete task and implement it.
2. Write tests for the feature.
3. Run tests and ensure they pass before proceeding.
4. Run linting and ensure it passes before proceeding.
5. Update the PRD to mark the task as complete (change '- [ ]' to '- [x]').
6. Append your progress to progress.txt.
7. Commit your changes with a descriptive message.
ONLY WORK ON A SINGLE TASK. Do not proceed if tests fail. Do not proceed if linting fails.
If ALL tasks in the PRD are complete, output <promise>COMPLETE</promise>.
[14:43:23] [debug] [RESPONSE] I'll read the PRD and progress files to understand the tasks and current status....
[14:43:23] [info] [TOKENS] Input: 40777 | Output: 351 | Est. Cost: 0
[14:43:23] [info] [COST] Total: .134058 | Tasks: 29/67
[14:43:24] [info] >>> Task: Write E2E tests for complete onboarding flow (role
[14:43:24] [info] Tasks remaining: 59
[14:43:24] [debug] [PROMPT] @PRD.md @progress.txt
1. Find the highest-priority incomplete task and implement it.
2. Write tests for the feature.
3. Run tests and ensure they pass before proceeding.
4. Run linting and ensure it passes before proceeding.
5. Update the PRD to mark the task as complete (change '- [ ]' to '- [x]').
6. Append your progress to progress.txt.
7. Commit your changes with a descriptive message.
ONLY WORK ON A SINGLE TASK. Do not proceed if tests fail. Do not proceed if linting fails.
If ALL tasks in the PRD are complete, output <promise>COMPLETE</promise>.
