[16:45:36] [info] === Ralphy v3.1.0 Started ===
[16:45:36] [info] Engine: OpenCode | Model: zai-coding-plan/glm-4.7
[16:45:36] [info] PRD: PRD.md
[16:45:36] [info] >>> Task: Create src/screens/SwipeScreen.tsx with Header, Sw
[16:45:36] [info] Tasks remaining: 56
[16:45:36] [debug] [PROMPT] @PRD.md @progress.txt
1. Find the highest-priority incomplete task and implement it.
2. Write tests for the feature.
3. Run tests and ensure they pass before proceeding.
4. Run linting and ensure it passes before proceeding.
5. Update the PRD to mark the task as complete (change '- [ ]' to '- [x]').
6. Append your progress to progress.txt.
7. Commit your changes with a descriptive message.
ONLY WORK ON A SINGLE TASK. Do not proceed if tests fail. Do not proceed if linting fails.
If ALL tasks in the PRD are complete, output <promise>COMPLETE</promise>.
[16:54:12] [debug] [RESPONSE] I'll read the PRD and progress files to understand the current state and identif...
[16:54:12] [info] [TOKENS] Input: 79 | Output: 211 | Est. Cost: 0
[16:54:12] [info] [COST] Total: .003402 | Tasks: 40/56
[16:54:13] [info] >>> Task: Run tests and lint, then merge to master
[16:54:13] [info] Tasks remaining: 46
[16:54:13] [debug] [PROMPT] @PRD.md @progress.txt
1. Find the highest-priority incomplete task and implement it.
2. Write tests for the feature.
3. Run tests and ensure they pass before proceeding.
4. Run linting and ensure it passes before proceeding.
5. Update the PRD to mark the task as complete (change '- [ ]' to '- [x]').
6. Append your progress to progress.txt.
7. Commit your changes with a descriptive message.
ONLY WORK ON A SINGLE TASK. Do not proceed if tests fail. Do not proceed if linting fails.
If ALL tasks in the PRD are complete, output <promise>COMPLETE</promise>.
[16:56:14] [debug] [RESPONSE] Phase 5 complete: 58 tests passed, linting passed....
[16:56:14] [info] [TOKENS] Input: 200 | Output: 37 | Est. Cost: 0
[16:56:14] [info] [COST] Total: .004557 | Tasks: 50/46
[16:56:15] [info] >>> Task: Build global stats showing total counts: You said 
[16:56:15] [info] Tasks remaining: 44
[16:56:15] [debug] [PROMPT] @PRD.md @progress.txt
1. Find the highest-priority incomplete task and implement it.
2. Write tests for the feature.
3. Run tests and ensure they pass before proceeding.
4. Run linting and ensure it passes before proceeding.
5. Update the PRD to mark the task as complete (change '- [ ]' to '- [x]').
6. Append your progress to progress.txt.
7. Commit your changes with a descriptive message.
ONLY WORK ON A SINGLE TASK. Do not proceed if tests fail. Do not proceed if linting fails.
If ALL tasks in the PRD are complete, output <promise>COMPLETE</promise>.
[17:05:13] [debug] [RESPONSE] I'll help you implement the highest-priority incomplete task. Let me start by re...
[17:05:13] [info] [TOKENS] Input: 411 | Output: 334 | Est. Cost: 0
[17:05:13] [info] [COST] Total: .010800 | Tasks: 52/44
[17:05:14] [info] >>> Task: Inside each accordion item, show 4 lists grouped b
[17:05:14] [info] Tasks remaining: 42
[17:05:14] [debug] [PROMPT] @PRD.md @progress.txt
1. Find the highest-priority incomplete task and implement it.
2. Write tests for the feature.
3. Run tests and ensure they pass before proceeding.
4. Run linting and ensure it passes before proceeding.
5. Update the PRD to mark the task as complete (change '- [ ]' to '- [x]').
6. Append your progress to progress.txt.
7. Commit your changes with a descriptive message.
ONLY WORK ON A SINGLE TASK. Do not proceed if tests fail. Do not proceed if linting fails.
If ALL tasks in the PRD are complete, output <promise>COMPLETE</promise>.
[17:23:55] [debug] [RESPONSE] Looking at the PRD, I can see that task 95 "If mode was Both, show tabs or toggl...
[17:23:55] [info] [TOKENS] Input: 63011 | Output: 441 | Est. Cost: 0
[17:23:55] [info] [COST] Total: .206448 | Tasks: 54/42
[17:23:56] [info] >>> Task: If mode was Both, show tabs or toggle to switch be
[17:23:56] [info] Tasks remaining: 40
[17:23:56] [debug] [PROMPT] @PRD.md @progress.txt
1. Find the highest-priority incomplete task and implement it.
2. Write tests for the feature.
3. Run tests and ensure they pass before proceeding.
4. Run linting and ensure it passes before proceeding.
5. Update the PRD to mark the task as complete (change '- [ ]' to '- [x]').
6. Append your progress to progress.txt.
7. Commit your changes with a descriptive message.
ONLY WORK ON A SINGLE TASK. Do not proceed if tests fail. Do not proceed if linting fails.
If ALL tasks in the PRD are complete, output <promise>COMPLETE</promise>.
[17:28:12] [debug] [RESPONSE] I'll help you implement the highest-priority task. Let me first read the PRD and...
[17:28:12] [info] [TOKENS] Input: 1330 | Output: 245 | Est. Cost: 0
[17:28:12] [info] [COST] Total: .214113 | Tasks: 56/40
[17:28:13] [info] >>> Task: Write unit tests for category accordion expansion/
[17:28:13] [info] Tasks remaining: 38
[17:28:13] [debug] [PROMPT] @PRD.md @progress.txt
1. Find the highest-priority incomplete task and implement it.
2. Write tests for the feature.
3. Run tests and ensure they pass before proceeding.
4. Run linting and ensure it passes before proceeding.
5. Update the PRD to mark the task as complete (change '- [ ]' to '- [x]').
6. Append your progress to progress.txt.
7. Commit your changes with a descriptive message.
ONLY WORK ON A SINGLE TASK. Do not proceed if tests fail. Do not proceed if linting fails.
If ALL tasks in the PRD are complete, output <promise>COMPLETE</promise>.
